<?xml version="1.0" encoding="UTF-8"?>
<testng-results skipped="0" failed="1" ignored="0" total="2" passed="1">
  <reporter-output>
  </reporter-output>
  <suite name="Default suite" duration-ms="8884" started-at="2023-05-09T21:51:01Z" finished-at="2023-05-09T21:51:10Z">
    <groups>
    </groups>
    <test name="Default test" duration-ms="8884" started-at="2023-05-09T21:51:01Z" finished-at="2023-05-09T21:51:10Z">
      <class name="com.qa.opencart.tests.RegisterPageTest">
        <test-method status="PASS" signature="setup()[pri:0, instance:com.qa.opencart.tests.RegisterPageTest@f8c1ddd]" name="setup" is-config="true" duration-ms="6728" started-at="2023-05-09T21:51:01Z" finished-at="2023-05-09T21:51:08Z">
          <reporter-output>
          </reporter-output>
        </test-method> <!-- setup -->
        <test-method status="PASS" signature="registerPageSetup()[pri:0, instance:com.qa.opencart.tests.RegisterPageTest@f8c1ddd]" name="registerPageSetup" is-config="true" duration-ms="116" started-at="2023-05-09T21:51:08Z" finished-at="2023-05-09T21:51:08Z">
          <reporter-output>
          </reporter-output>
        </test-method> <!-- registerPageSetup -->
        <test-method status="FAIL" signature="accountRegisterationTest()[pri:0, instance:com.qa.opencart.tests.RegisterPageTest@f8c1ddd]" name="accountRegisterationTest" duration-ms="876" started-at="2023-05-09T21:51:08Z" finished-at="2023-05-09T21:51:09Z">
          <exception class="java.lang.AssertionError">
            <message>
              <![CDATA[ Registeration is unsuccessfull expected [true] but found [false]]]>
            </message>
            <full-stacktrace>
              <![CDATA[java.lang.AssertionError:  Registeration is unsuccessfull expected [true] but found [false]
at org.testng.Assert.fail(Assert.java:96)
at org.testng.Assert.failNotEquals(Assert.java:776)
at org.testng.Assert.assertTrue(Assert.java:44)
at com.qa.opencart.tests.RegisterPageTest.accountRegisterationTest(RegisterPageTest.java:27)
at sun.reflect.NativeMethodAccessorImpl.invoke0(Native Method)
at sun.reflect.NativeMethodAccessorImpl.invoke(NativeMethodAccessorImpl.java:62)
at sun.reflect.DelegatingMethodAccessorImpl.invoke(DelegatingMethodAccessorImpl.java:43)
at java.lang.reflect.Method.invoke(Method.java:498)
at org.testng.internal.MethodInvocationHelper.invokeMethod(MethodInvocationHelper.java:124)
at org.testng.internal.Invoker.invokeMethod(Invoker.java:583)
at org.testng.internal.Invoker.invokeTestMethod(Invoker.java:719)
at org.testng.internal.Invoker.invokeTestMethods(Invoker.java:989)
at org.testng.internal.TestMethodWorker.invokeTestMethods(TestMethodWorker.java:125)
at org.testng.internal.TestMethodWorker.run(TestMethodWorker.java:109)
at org.testng.TestRunner.privateRun(TestRunner.java:648)
at org.testng.TestRunner.run(TestRunner.java:505)
at org.testng.SuiteRunner.runTest(SuiteRunner.java:455)
at org.testng.SuiteRunner.runSequentially(SuiteRunner.java:450)
at org.testng.SuiteRunner.privateRun(SuiteRunner.java:415)
at org.testng.SuiteRunner.run(SuiteRunner.java:364)
at org.testng.SuiteRunnerWorker.runSuite(SuiteRunnerWorker.java:52)
at org.testng.SuiteRunnerWorker.run(SuiteRunnerWorker.java:84)
at org.testng.TestNG.runSuitesSequentially(TestNG.java:1208)
at org.testng.TestNG.runSuitesLocally(TestNG.java:1137)
at org.testng.TestNG.runSuites(TestNG.java:1049)
at org.testng.TestNG.run(TestNG.java:1017)
at org.testng.remote.AbstractRemoteTestNG.run(AbstractRemoteTestNG.java:115)
at org.testng.remote.RemoteTestNG.initAndRun(RemoteTestNG.java:251)
at org.testng.remote.RemoteTestNG.main(RemoteTestNG.java:77)
]]>
            </full-stacktrace>
          </exception> <!-- java.lang.AssertionError -->
          <reporter-output>
          </reporter-output>
        </test-method> <!-- accountRegisterationTest -->
        <test-method status="PASS" signature="registerPageUrlTest()[pri:0, instance:com.qa.opencart.tests.RegisterPageTest@f8c1ddd]" name="registerPageUrlTest" duration-ms="31" started-at="2023-05-09T21:51:09Z" finished-at="2023-05-09T21:51:09Z">
          <reporter-output>
          </reporter-output>
        </test-method> <!-- registerPageUrlTest -->
        <test-method status="PASS" signature="tearDown()[pri:0, instance:com.qa.opencart.tests.RegisterPageTest@f8c1ddd]" name="tearDown" is-config="true" duration-ms="1115" started-at="2023-05-09T21:51:09Z" finished-at="2023-05-09T21:51:10Z">
          <reporter-output>
          </reporter-output>
        </test-method> <!-- tearDown -->
      </class> <!-- com.qa.opencart.tests.RegisterPageTest -->
    </test> <!-- Default test -->
  </suite> <!-- Default suite -->
</testng-results>
